{"fields":{"value_max":1,"value_mean":1,"value_min":1,"value_sum":20},"name":"http_reqs","tags":{"expected_response":"true","host":"Mias-MBP-3","method":"GET","name":"https://pokeapi.co/api/v2/pokemon/ditto","proto":"HTTP/2.0","scenario":"default","status":"200","tls_version":"tls1.3"},"timestamp":1647605160}
{"fields":{"value_max":46.91,"value_mean":21.217449999999996,"value_min":11.714,"value_sum":424.349},"name":"http_req_tls_handshaking","tags":{"expected_response":"true","host":"Mias-MBP-3","method":"GET","name":"https://pokeapi.co/api/v2/pokemon/ditto","proto":"HTTP/2.0","scenario":"default","status":"200","tls_version":"tls1.3"},"timestamp":1647605160}
{"fields":{"value_max":11.555,"value_mean":1.2256500000000004,"value_min":0.108,"value_sum":24.512999999999995},"name":"http_req_sending","tags":{"expected_response":"true","host":"Mias-MBP-3","method":"GET","name":"https://pokeapi.co/api/v2/pokemon/ditto","proto":"HTTP/2.0","scenario":"default","status":"200","tls_version":"tls1.3"},"timestamp":1647605160}
{"fields":{"value_max":3.982,"value_mean":0.8546499999999999,"value_min":0.238,"value_sum":17.093},"name":"http_req_receiving","tags":{"expected_response":"true","host":"Mias-MBP-3","method":"GET","name":"https://pokeapi.co/api/v2/pokemon/ditto","proto":"HTTP/2.0","scenario":"default","status":"200","tls_version":"tls1.3"},"timestamp":1647605160}
{"fields":{"value_max":45.557,"value_mean":28.318149999999996,"value_min":14.863,"value_sum":566.3629999999999},"name":"http_req_duration","tags":{"expected_response":"true","host":"Mias-MBP-3","method":"GET","name":"https://pokeapi.co/api/v2/pokemon/ditto","proto":"HTTP/2.0","scenario":"default","status":"200","tls_version":"tls1.3"},"timestamp":1647605160}
{"fields":{"value_max":57.159,"value_mean":33.4188,"value_min":20.114,"value_sum":668.3760000000001},"name":"http_req_blocked","tags":{"expected_response":"true","host":"Mias-MBP-3","method":"GET","name":"https://pokeapi.co/api/v2/pokemon/ditto","proto":"HTTP/2.0","scenario":"default","status":"200","tls_version":"tls1.3"},"timestamp":1647605160}
{"fields":{"value_max":15.837,"value_mean":10.40745,"value_min":6.538,"value_sum":208.14900000000003},"name":"http_req_connecting","tags":{"expected_response":"true","host":"Mias-MBP-3","method":"GET","name":"https://pokeapi.co/api/v2/pokemon/ditto","proto":"HTTP/2.0","scenario":"default","status":"200","tls_version":"tls1.3"},"timestamp":1647605160}
{"fields":{"value_max":44.826,"value_mean":26.23785,"value_min":13.216,"value_sum":524.757},"name":"http_req_waiting","tags":{"expected_response":"true","host":"Mias-MBP-3","method":"GET","name":"https://pokeapi.co/api/v2/pokemon/ditto","proto":"HTTP/2.0","scenario":"default","status":"200","tls_version":"tls1.3"},"timestamp":1647605160}
{"fields":{"value_max":0,"value_mean":0,"value_min":0,"value_sum":0},"name":"http_req_failed","tags":{"expected_response":"true","host":"Mias-MBP-3","method":"GET","name":"https://pokeapi.co/api/v2/pokemon/ditto","proto":"HTTP/2.0","scenario":"default","status":"200","tls_version":"tls1.3"},"timestamp":1647605160}
{"fields":{"value_max":0.642,"value_mean":0.32975000000000004,"value_min":0.199,"value_sum":6.595},"name":"http_req_receiving","tags":{"expected_response":"true","host":"Mias-MBP-3","method":"GET","name":"https://pokeapi.co/api/v2/pokemon/ditto","proto":"HTTP/2.0","scenario":"default","status":"200","tls_version":"tls1.3"},"timestamp":1647605162}
{"fields":{"value_max":141,"value_mean":116.49999999999999,"value_min":71,"value_sum":2330},"name":"data_sent","tags":{"host":"Mias-MBP-3","scenario":"default"},"timestamp":1647605162}
{"fields":{"value_max":1,"value_mean":1,"value_min":1,"value_sum":20},"name":"iterations","tags":{"host":"Mias-MBP-3","scenario":"default"},"timestamp":1647605162}
{"fields":{"value_max":0.001,"value_mean":0.00055,"value_min":0,"value_sum":0.011000000000000003},"name":"http_req_blocked","tags":{"expected_response":"true","host":"Mias-MBP-3","method":"GET","name":"https://pokeapi.co/api/v2/pokemon/ditto","proto":"HTTP/2.0","scenario":"default","status":"200","tls_version":"tls1.3"},"timestamp":1647605162}
{"fields":{"value_max":0,"value_mean":0,"value_min":0,"value_sum":0},"name":"http_req_tls_handshaking","tags":{"expected_response":"true","host":"Mias-MBP-3","method":"GET","name":"https://pokeapi.co/api/v2/pokemon/ditto","proto":"HTTP/2.0","scenario":"default","status":"200","tls_version":"tls1.3"},"timestamp":1647605162}
{"fields":{"value_max":0.136,"value_mean":0.07935,"value_min":0.05,"value_sum":1.5869999999999997},"name":"http_req_sending","tags":{"expected_response":"true","host":"Mias-MBP-3","method":"GET","name":"https://pokeapi.co/api/v2/pokemon/ditto","proto":"HTTP/2.0","scenario":"default","status":"200","tls_version":"tls1.3"},"timestamp":1647605162}
{"fields":{"value_max":37.921,"value_mean":23.571299999999997,"value_min":14.301,"value_sum":471.42600000000004},"name":"http_req_waiting","tags":{"expected_response":"true","host":"Mias-MBP-3","method":"GET","name":"https://pokeapi.co/api/v2/pokemon/ditto","proto":"HTTP/2.0","scenario":"default","status":"200","tls_version":"tls1.3"},"timestamp":1647605162}
{"fields":{"value_max":10,"value_mean":10,"value_min":10,"value_sum":20},"name":"vus","tags":{"host":"Mias-MBP-3"},"timestamp":1647605162}
{"fields":{"value_max":10,"value_mean":10,"value_min":10,"value_sum":20},"name":"vus_max","tags":{"host":"Mias-MBP-3"},"timestamp":1647605162}
{"fields":{"value_max":0,"value_mean":0,"value_min":0,"value_sum":0},"name":"http_req_failed","tags":{"expected_response":"true","host":"Mias-MBP-3","method":"GET","name":"https://pokeapi.co/api/v2/pokemon/ditto","proto":"HTTP/2.0","scenario":"default","status":"200","tls_version":"tls1.3"},"timestamp":1647605162}
{"fields":{"value_max":1,"value_mean":1,"value_min":1,"value_sum":20},"name":"http_reqs","tags":{"expected_response":"true","host":"Mias-MBP-3","method":"GET","name":"https://pokeapi.co/api/v2/pokemon/ditto","proto":"HTTP/2.0","scenario":"default","status":"200","tls_version":"tls1.3"},"timestamp":1647605162}
{"fields":{"value_max":0,"value_mean":0,"value_min":0,"value_sum":0},"name":"http_req_connecting","tags":{"expected_response":"true","host":"Mias-MBP-3","method":"GET","name":"https://pokeapi.co/api/v2/pokemon/ditto","proto":"HTTP/2.0","scenario":"default","status":"200","tls_version":"tls1.3"},"timestamp":1647605162}
{"fields":{"value_max":38.28,"value_mean":23.980400000000003,"value_min":14.561,"value_sum":479.608},"name":"http_req_duration","tags":{"expected_response":"true","host":"Mias-MBP-3","method":"GET","name":"https://pokeapi.co/api/v2/pokemon/ditto","proto":"HTTP/2.0","scenario":"default","status":"200","tls_version":"tls1.3"},"timestamp":1647605162}
{"fields":{"value_max":23433,"value_mean":23427.2,"value_min":23424,"value_sum":468544},"name":"data_received","tags":{"host":"Mias-MBP-3","scenario":"default"},"timestamp":1647605162}
{"fields":{"value_max":1047.566227,"value_mean":1023.1337461500001,"value_min":1012.178475,"value_sum":20462.674923},"name":"iteration_duration","tags":{"host":"Mias-MBP-3","scenario":"default"},"timestamp":1647605162}
{"fields":{"value_max":10,"value_mean":10,"value_min":10,"value_sum":20},"name":"vus","tags":{"host":"Mias-MBP-3"},"timestamp":1647605164}
{"fields":{"value_max":1,"value_mean":1,"value_min":1,"value_sum":20},"name":"iterations","tags":{"host":"Mias-MBP-3","scenario":"default"},"timestamp":1647605164}
{"fields":{"value_max":0.001,"value_mean":0.0006500000000000001,"value_min":0,"value_sum":0.013000000000000005},"name":"http_req_blocked","tags":{"expected_response":"true","host":"Mias-MBP-3","method":"GET","name":"https://pokeapi.co/api/v2/pokemon/ditto","proto":"HTTP/2.0","scenario":"default","status":"200","tls_version":"tls1.3"},"timestamp":1647605164}
{"fields":{"value_max":38.084,"value_mean":24.075449999999996,"value_min":14.441,"value_sum":481.509},"name":"http_req_waiting","tags":{"expected_response":"true","host":"Mias-MBP-3","method":"GET","name":"https://pokeapi.co/api/v2/pokemon/ditto","proto":"HTTP/2.0","scenario":"default","status":"200","tls_version":"tls1.3"},"timestamp":1647605164}
{"fields":{"value_max":1.529,"value_mean":0.43710000000000004,"value_min":0.119,"value_sum":8.742},"name":"http_req_receiving","tags":{"expected_response":"true","host":"Mias-MBP-3","method":"GET","name":"https://pokeapi.co/api/v2/pokemon/ditto","proto":"HTTP/2.0","scenario":"default","status":"200","tls_version":"tls1.3"},"timestamp":1647605164}
{"fields":{"value_max":141,"value_mean":106,"value_min":71,"value_sum":2120},"name":"data_sent","tags":{"host":"Mias-MBP-3","scenario":"default"},"timestamp":1647605164}
{"fields":{"value_max":23192,"value_mean":23186.950000000004,"value_min":23180,"value_sum":463739},"name":"data_received","tags":{"host":"Mias-MBP-3","scenario":"default"},"timestamp":1647605164}
{"fields":{"value_max":0,"value_mean":0,"value_min":0,"value_sum":0},"name":"http_req_connecting","tags":{"expected_response":"true","host":"Mias-MBP-3","method":"GET","name":"https://pokeapi.co/api/v2/pokemon/ditto","proto":"HTTP/2.0","scenario":"default","status":"200","tls_version":"tls1.3"},"timestamp":1647605164}
{"fields":{"value_max":0,"value_mean":0,"value_min":0,"value_sum":0},"name":"http_req_tls_handshaking","tags":{"expected_response":"true","host":"Mias-MBP-3","method":"GET","name":"https://pokeapi.co/api/v2/pokemon/ditto","proto":"HTTP/2.0","scenario":"default","status":"200","tls_version":"tls1.3"},"timestamp":1647605164}
{"fields":{"value_max":0.255,"value_mean":0.08574999999999999,"value_min":0.047,"value_sum":1.715},"name":"http_req_sending","tags":{"expected_response":"true","host":"Mias-MBP-3","method":"GET","name":"https://pokeapi.co/api/v2/pokemon/ditto","proto":"HTTP/2.0","scenario":"default","status":"200","tls_version":"tls1.3"},"timestamp":1647605164}
{"fields":{"value_max":1042.01254,"value_mean":1023.8679266,"value_min":1015.235798,"value_sum":20477.358532000002},"name":"iteration_duration","tags":{"host":"Mias-MBP-3","scenario":"default"},"timestamp":1647605164}
{"fields":{"value_max":1,"value_mean":1,"value_min":1,"value_sum":20},"name":"http_reqs","tags":{"expected_response":"true","host":"Mias-MBP-3","method":"GET","name":"https://pokeapi.co/api/v2/pokemon/ditto","proto":"HTTP/2.0","scenario":"default","status":"200","tls_version":"tls1.3"},"timestamp":1647605164}
{"fields":{"value_max":38.393,"value_mean":24.598300000000002,"value_min":15.169,"value_sum":491.96599999999995},"name":"http_req_duration","tags":{"expected_response":"true","host":"Mias-MBP-3","method":"GET","name":"https://pokeapi.co/api/v2/pokemon/ditto","proto":"HTTP/2.0","scenario":"default","status":"200","tls_version":"tls1.3"},"timestamp":1647605164}
{"fields":{"value_max":10,"value_mean":10,"value_min":10,"value_sum":20},"name":"vus_max","tags":{"host":"Mias-MBP-3"},"timestamp":1647605164}
{"fields":{"value_max":0,"value_mean":0,"value_min":0,"value_sum":0},"name":"http_req_failed","tags":{"expected_response":"true","host":"Mias-MBP-3","method":"GET","name":"https://pokeapi.co/api/v2/pokemon/ditto","proto":"HTTP/2.0","scenario":"default","status":"200","tls_version":"tls1.3"},"timestamp":1647605164}
{"fields":{"value_max":10,"value_mean":10,"value_min":10,"value_sum":20},"name":"vus","tags":{"host":"Mias-MBP-3"},"timestamp":1647605166}
{"fields":{"value_max":10,"value_mean":10,"value_min":10,"value_sum":20},"name":"vus_max","tags":{"host":"Mias-MBP-3"},"timestamp":1647605166}
{"fields":{"value_max":0,"value_mean":0,"value_min":0,"value_sum":0},"name":"http_req_connecting","tags":{"expected_response":"true","host":"Mias-MBP-3","method":"GET","name":"https://pokeapi.co/api/v2/pokemon/ditto","proto":"HTTP/2.0","scenario":"default","status":"200","tls_version":"tls1.3"},"timestamp":1647605166}
{"fields":{"value_max":23194,"value_mean":23186.099999999995,"value_min":23181,"value_sum":463722},"name":"data_received","tags":{"host":"Mias-MBP-3","scenario":"default"},"timestamp":1647605166}
{"fields":{"value_max":1,"value_mean":1,"value_min":1,"value_sum":20},"name":"iterations","tags":{"host":"Mias-MBP-3","scenario":"default"},"timestamp":1647605166}
{"fields":{"value_max":31.144,"value_mean":21.933199999999996,"value_min":13.109,"value_sum":438.66400000000004},"name":"http_req_waiting","tags":{"expected_response":"true","host":"Mias-MBP-3","method":"GET","name":"https://pokeapi.co/api/v2/pokemon/ditto","proto":"HTTP/2.0","scenario":"default","status":"200","tls_version":"tls1.3"},"timestamp":1647605166}
{"fields":{"value_max":141,"value_mean":93.75,"value_min":71,"value_sum":1875},"name":"data_sent","tags":{"host":"Mias-MBP-3","scenario":"default"},"timestamp":1647605166}
{"fields":{"value_max":0,"value_mean":0,"value_min":0,"value_sum":0},"name":"http_req_tls_handshaking","tags":{"expected_response":"true","host":"Mias-MBP-3","method":"GET","name":"https://pokeapi.co/api/v2/pokemon/ditto","proto":"HTTP/2.0","scenario":"default","status":"200","tls_version":"tls1.3"},"timestamp":1647605166}
{"fields":{"value_max":0.27,"value_mean":0.10654999999999998,"value_min":0.066,"value_sum":2.1310000000000002},"name":"http_req_sending","tags":{"expected_response":"true","host":"Mias-MBP-3","method":"GET","name":"https://pokeapi.co/api/v2/pokemon/ditto","proto":"HTTP/2.0","scenario":"default","status":"200","tls_version":"tls1.3"},"timestamp":1647605166}
{"fields":{"value_max":1.465,"value_mean":0.32560000000000006,"value_min":0.133,"value_sum":6.512},"name":"http_req_receiving","tags":{"expected_response":"true","host":"Mias-MBP-3","method":"GET","name":"https://pokeapi.co/api/v2/pokemon/ditto","proto":"HTTP/2.0","scenario":"default","status":"200","tls_version":"tls1.3"},"timestamp":1647605166}
{"fields":{"value_max":1031.426993,"value_mean":1023.1110973,"value_min":1014.286551,"value_sum":20462.221946},"name":"iteration_duration","tags":{"host":"Mias-MBP-3","scenario":"default"},"timestamp":1647605166}
{"fields":{"value_max":1,"value_mean":1,"value_min":1,"value_sum":20},"name":"http_reqs","tags":{"expected_response":"true","host":"Mias-MBP-3","method":"GET","name":"https://pokeapi.co/api/v2/pokemon/ditto","proto":"HTTP/2.0","scenario":"default","status":"200","tls_version":"tls1.3"},"timestamp":1647605166}
{"fields":{"value_max":31.548,"value_mean":22.365349999999996,"value_min":13.311,"value_sum":447.30699999999996},"name":"http_req_duration","tags":{"expected_response":"true","host":"Mias-MBP-3","method":"GET","name":"https://pokeapi.co/api/v2/pokemon/ditto","proto":"HTTP/2.0","scenario":"default","status":"200","tls_version":"tls1.3"},"timestamp":1647605166}
{"fields":{"value_max":0.001,"value_mean":0.00075,"value_min":0,"value_sum":0.015000000000000006},"name":"http_req_blocked","tags":{"expected_response":"true","host":"Mias-MBP-3","method":"GET","name":"https://pokeapi.co/api/v2/pokemon/ditto","proto":"HTTP/2.0","scenario":"default","status":"200","tls_version":"tls1.3"},"timestamp":1647605166}
{"fields":{"value_max":0,"value_mean":0,"value_min":0,"value_sum":0},"name":"http_req_failed","tags":{"expected_response":"true","host":"Mias-MBP-3","method":"GET","name":"https://pokeapi.co/api/v2/pokemon/ditto","proto":"HTTP/2.0","scenario":"default","status":"200","tls_version":"tls1.3"},"timestamp":1647605166}
{"fields":{"value_max":0,"value_mean":0,"value_min":0,"value_sum":0},"name":"http_req_tls_handshaking","tags":{"expected_response":"true","host":"Mias-MBP-3","method":"GET","name":"https://pokeapi.co/api/v2/pokemon/ditto","proto":"HTTP/2.0","scenario":"default","status":"200","tls_version":"tls1.3"},"timestamp":1647605168}
{"fields":{"value_max":0.484,"value_mean":0.11124999999999999,"value_min":0.053,"value_sum":2.225},"name":"http_req_sending","tags":{"expected_response":"true","host":"Mias-MBP-3","method":"GET","name":"https://pokeapi.co/api/v2/pokemon/ditto","proto":"HTTP/2.0","scenario":"default","status":"200","tls_version":"tls1.3"},"timestamp":1647605168}
{"fields":{"value_max":0.657,"value_mean":0.23204999999999995,"value_min":0.118,"value_sum":4.641},"name":"http_req_receiving","tags":{"expected_response":"true","host":"Mias-MBP-3","method":"GET","name":"https://pokeapi.co/api/v2/pokemon/ditto","proto":"HTTP/2.0","scenario":"default","status":"200","tls_version":"tls1.3"},"timestamp":1647605168}
{"fields":{"value_max":23772,"value_mean":23736.1,"value_min":23720,"value_sum":474722},"name":"data_received","tags":{"host":"Mias-MBP-3","scenario":"default"},"timestamp":1647605168}
{"fields":{"value_max":0.007,"value_mean":0.0009500000000000002,"value_min":0,"value_sum":0.019000000000000003},"name":"http_req_blocked","tags":{"expected_response":"true","host":"Mias-MBP-3","method":"GET","name":"https://pokeapi.co/api/v2/pokemon/ditto","proto":"HTTP/2.0","scenario":"default","status":"200","tls_version":"tls1.3"},"timestamp":1647605168}
{"fields":{"value_max":141,"value_mean":92.00000000000001,"value_min":71,"value_sum":1840},"name":"data_sent","tags":{"host":"Mias-MBP-3","scenario":"default"},"timestamp":1647605168}
{"fields":{"value_max":1036.022435,"value_mean":1022.0847549499999,"value_min":1013.328606,"value_sum":20441.695099},"name":"iteration_duration","tags":{"host":"Mias-MBP-3","scenario":"default"},"timestamp":1647605168}
{"fields":{"value_max":38.866,"value_mean":25.201849999999997,"value_min":16.017,"value_sum":504.03700000000003},"name":"http_req_duration","tags":{"expected_response":"true","host":"Mias-MBP-3","method":"GET","name":"https://pokeapi.co/api/v2/pokemon/ditto","proto":"HTTP/2.0","scenario":"default","status":"200","tls_version":"tls1.3"},"timestamp":1647605168}
{"fields":{"value_max":38.571,"value_mean":24.858550000000005,"value_min":15.797,"value_sum":497.17099999999994},"name":"http_req_waiting","tags":{"expected_response":"true","host":"Mias-MBP-3","method":"GET","name":"https://pokeapi.co/api/v2/pokemon/ditto","proto":"HTTP/2.0","scenario":"default","status":"200","tls_version":"tls1.3"},"timestamp":1647605168}
{"fields":{"value_max":10,"value_mean":10,"value_min":10,"value_sum":20},"name":"vus","tags":{"host":"Mias-MBP-3"},"timestamp":1647605168}
{"fields":{"value_max":1,"value_mean":1,"value_min":1,"value_sum":20},"name":"http_reqs","tags":{"expected_response":"true","host":"Mias-MBP-3","method":"GET","name":"https://pokeapi.co/api/v2/pokemon/ditto","proto":"HTTP/2.0","scenario":"default","status":"200","tls_version":"tls1.3"},"timestamp":1647605168}
{"fields":{"value_max":0,"value_mean":0,"value_min":0,"value_sum":0},"name":"http_req_connecting","tags":{"expected_response":"true","host":"Mias-MBP-3","method":"GET","name":"https://pokeapi.co/api/v2/pokemon/ditto","proto":"HTTP/2.0","scenario":"default","status":"200","tls_version":"tls1.3"},"timestamp":1647605168}
{"fields":{"value_max":0,"value_mean":0,"value_min":0,"value_sum":0},"name":"http_req_failed","tags":{"expected_response":"true","host":"Mias-MBP-3","method":"GET","name":"https://pokeapi.co/api/v2/pokemon/ditto","proto":"HTTP/2.0","scenario":"default","status":"200","tls_version":"tls1.3"},"timestamp":1647605168}
{"fields":{"value_max":10,"value_mean":10,"value_min":10,"value_sum":20},"name":"vus_max","tags":{"host":"Mias-MBP-3"},"timestamp":1647605168}
{"fields":{"value_max":1,"value_mean":1,"value_min":1,"value_sum":20},"name":"iterations","tags":{"host":"Mias-MBP-3","scenario":"default"},"timestamp":1647605168}
{"fields":{"value_max":10,"value_mean":10,"value_min":10,"value_sum":20},"name":"vus_max","tags":{"host":"Mias-MBP-3"},"timestamp":1647605170}
{"fields":{"value_max":70.887,"value_mean":24.21405,"value_min":11.523,"value_sum":484.28100000000006},"name":"http_req_duration","tags":{"expected_response":"true","host":"Mias-MBP-3","method":"GET","name":"https://pokeapi.co/api/v2/pokemon/ditto","proto":"HTTP/2.0","scenario":"default","status":"200","tls_version":"tls1.3"},"timestamp":1647605170}
{"fields":{"value_max":0.013,"value_mean":0.0014999999999999998,"value_min":0,"value_sum":0.030000000000000006},"name":"http_req_blocked","tags":{"expected_response":"true","host":"Mias-MBP-3","method":"GET","name":"https://pokeapi.co/api/v2/pokemon/ditto","proto":"HTTP/2.0","scenario":"default","status":"200","tls_version":"tls1.3"},"timestamp":1647605170}
{"fields":{"value_max":0.322,"value_mean":0.10350000000000002,"value_min":0.06,"value_sum":2.0700000000000003},"name":"http_req_sending","tags":{"expected_response":"true","host":"Mias-MBP-3","method":"GET","name":"https://pokeapi.co/api/v2/pokemon/ditto","proto":"HTTP/2.0","scenario":"default","status":"200","tls_version":"tls1.3"},"timestamp":1647605170}
{"fields":{"value_max":70.62,"value_mean":23.898150000000005,"value_min":11.054,"value_sum":477.963},"name":"http_req_waiting","tags":{"expected_response":"true","host":"Mias-MBP-3","method":"GET","name":"https://pokeapi.co/api/v2/pokemon/ditto","proto":"HTTP/2.0","scenario":"default","status":"200","tls_version":"tls1.3"},"timestamp":1647605170}
{"fields":{"value_max":10,"value_mean":10,"value_min":10,"value_sum":20},"name":"vus","tags":{"host":"Mias-MBP-3"},"timestamp":1647605170}
{"fields":{"value_max":1,"value_mean":1,"value_min":1,"value_sum":20},"name":"http_reqs","tags":{"expected_response":"true","host":"Mias-MBP-3","method":"GET","name":"https://pokeapi.co/api/v2/pokemon/ditto","proto":"HTTP/2.0","scenario":"default","status":"200","tls_version":"tls1.3"},"timestamp":1647605170}
{"fields":{"value_max":0,"value_mean":0,"value_min":0,"value_sum":0},"name":"http_req_connecting","tags":{"expected_response":"true","host":"Mias-MBP-3","method":"GET","name":"https://pokeapi.co/api/v2/pokemon/ditto","proto":"HTTP/2.0","scenario":"default","status":"200","tls_version":"tls1.3"},"timestamp":1647605170}
{"fields":{"value_max":0,"value_mean":0,"value_min":0,"value_sum":0},"name":"http_req_tls_handshaking","tags":{"expected_response":"true","host":"Mias-MBP-3","method":"GET","name":"https://pokeapi.co/api/v2/pokemon/ditto","proto":"HTTP/2.0","scenario":"default","status":"200","tls_version":"tls1.3"},"timestamp":1647605170}
{"fields":{"value_max":0.448,"value_mean":0.2124,"value_min":0.077,"value_sum":4.247999999999999},"name":"http_req_receiving","tags":{"expected_response":"true","host":"Mias-MBP-3","method":"GET","name":"https://pokeapi.co/api/v2/pokemon/ditto","proto":"HTTP/2.0","scenario":"default","status":"200","tls_version":"tls1.3"},"timestamp":1647605170}
{"fields":{"value_max":0,"value_mean":0,"value_min":0,"value_sum":0},"name":"http_req_failed","tags":{"expected_response":"true","host":"Mias-MBP-3","method":"GET","name":"https://pokeapi.co/api/v2/pokemon/ditto","proto":"HTTP/2.0","scenario":"default","status":"200","tls_version":"tls1.3"},"timestamp":1647605170}
{"fields":{"value_max":106,"value_mean":90.25,"value_min":71,"value_sum":1805},"name":"data_sent","tags":{"host":"Mias-MBP-3","scenario":"default"},"timestamp":1647605170}
{"fields":{"value_max":23101,"value_mean":23097.4,"value_min":23093,"value_sum":461948},"name":"data_received","tags":{"host":"Mias-MBP-3","scenario":"default"},"timestamp":1647605170}
{"fields":{"value_max":1,"value_mean":1,"value_min":1,"value_sum":20},"name":"iterations","tags":{"host":"Mias-MBP-3","scenario":"default"},"timestamp":1647605170}
{"fields":{"value_max":1037.700522,"value_mean":1023.0906804,"value_min":1012.411934,"value_sum":20461.813608000004},"name":"iteration_duration","tags":{"host":"Mias-MBP-3","scenario":"default"},"timestamp":1647605170}
{"fields":{"value_max":23103,"value_mean":23098,"value_min":23095,"value_sum":461960},"name":"data_received","tags":{"host":"Mias-MBP-3","scenario":"default"},"timestamp":1647605172}
{"fields":{"value_max":1043.764582,"value_mean":1025.1000256,"value_min":1017.462961,"value_sum":20502.00051199999},"name":"iteration_duration","tags":{"host":"Mias-MBP-3","scenario":"default"},"timestamp":1647605172}
{"fields":{"value_max":1,"value_mean":1,"value_min":1,"value_sum":20},"name":"iterations","tags":{"host":"Mias-MBP-3","scenario":"default"},"timestamp":1647605172}
{"fields":{"value_max":10,"value_mean":10,"value_min":10,"value_sum":20},"name":"vus","tags":{"host":"Mias-MBP-3"},"timestamp":1647605172}
{"fields":{"value_max":10,"value_mean":10,"value_min":10,"value_sum":20},"name":"vus_max","tags":{"host":"Mias-MBP-3"},"timestamp":1647605172}
{"fields":{"value_max":106,"value_mean":90.25,"value_min":71,"value_sum":1805},"name":"data_sent","tags":{"host":"Mias-MBP-3","scenario":"default"},"timestamp":1647605172}
